{"timestamp":"2025-06-27T06:09:39.299Z","level":"DEBUG","message":"Request Body","requestId":"fpw5egvcp"}
{"timestamp":"2025-06-27T06:09:39.329Z","level":"DEBUG","message":"Request Body","requestId":"47bmocg7z"}
{"timestamp":"2025-06-27T06:09:39.333Z","level":"DEBUG","message":"Request Body","requestId":"oypvmvwrk"}
{"timestamp":"2025-06-27T06:09:39.337Z","level":"DEBUG","message":"Request Body","requestId":"15039gwot"}
{"timestamp":"2025-06-27T06:09:39.341Z","level":"DEBUG","message":"Request Body","requestId":"bycpfzfj9"}
{"timestamp":"2025-06-27T06:10:23.181Z","level":"DEBUG","message":"Request Body","requestId":"gctl3xbg9"}
{"timestamp":"2025-06-27T06:10:23.185Z","level":"DEBUG","message":"Request Body","requestId":"wlhgnw42r"}
{"timestamp":"2025-06-27T06:10:23.191Z","level":"DEBUG","message":"Request Body","requestId":"pmox5ktmb"}
{"timestamp":"2025-06-27T06:10:23.194Z","level":"DEBUG","message":"Request Body","requestId":"1rposyvvr"}
{"timestamp":"2025-06-27T06:10:23.200Z","level":"DEBUG","message":"Request Body","requestId":"9ogaca9e6"}
{"timestamp":"2025-06-27T07:03:12.354Z","level":"DEBUG","message":"Request Body","requestId":"exa106lca"}
{"timestamp":"2025-06-27T07:06:49.680Z","level":"DEBUG","message":"Request Body","requestId":"32gpsi00c"}
{"timestamp":"2025-06-27T07:06:49.688Z","level":"DEBUG","message":"Request Body","requestId":"jmqhna8u0"}
{"timestamp":"2025-06-27T07:06:49.696Z","level":"DEBUG","message":"Request Body","requestId":"r85nebyck"}
{"timestamp":"2025-06-27T07:06:49.700Z","level":"DEBUG","message":"Request Body","requestId":"ahkii6h1i"}
{"timestamp":"2025-06-27T07:06:49.706Z","level":"DEBUG","message":"Request Body","requestId":"6rfz70my5"}
{"timestamp":"2025-06-27T07:06:51.540Z","level":"DEBUG","message":"Request Body","requestId":"55ivgjprb"}
{"timestamp":"2025-06-27T07:06:51.550Z","level":"DEBUG","message":"Request Body","requestId":"snqti771o"}
{"timestamp":"2025-06-27T07:06:51.556Z","level":"DEBUG","message":"Request Body","requestId":"mxurmup9h"}
{"timestamp":"2025-06-27T07:06:51.564Z","level":"DEBUG","message":"Request Body","requestId":"4ha6n7u9l"}
{"timestamp":"2025-06-27T07:06:51.570Z","level":"DEBUG","message":"Request Body","requestId":"7k2w0j0xp"}
{"timestamp":"2025-06-27T07:06:56.351Z","level":"DEBUG","message":"Request Body","requestId":"43sj2q4lt"}
{"timestamp":"2025-06-27T07:06:56.359Z","level":"DEBUG","message":"Request Body","requestId":"32l3ht2xr"}
{"timestamp":"2025-06-27T07:06:56.365Z","level":"DEBUG","message":"Request Body","requestId":"veh1tarl1"}
{"timestamp":"2025-06-27T07:06:56.370Z","level":"DEBUG","message":"Request Body","requestId":"3muj89io7"}
{"timestamp":"2025-06-27T07:06:56.373Z","level":"DEBUG","message":"Request Body","requestId":"vdtppuhez"}
{"timestamp":"2025-06-27T07:07:00.482Z","level":"DEBUG","message":"Request Body","requestId":"y4ufog4bv"}
{"timestamp":"2025-06-27T07:07:00.487Z","level":"DEBUG","message":"Request Body","requestId":"cu0l8gybd"}
{"timestamp":"2025-06-27T07:07:00.492Z","level":"DEBUG","message":"Request Body","requestId":"93hi2t87s"}
{"timestamp":"2025-06-27T07:07:00.497Z","level":"DEBUG","message":"Request Body","requestId":"rwp2yszgi"}
{"timestamp":"2025-06-27T07:07:00.504Z","level":"DEBUG","message":"Request Body","requestId":"db8kvvg3y"}
{"timestamp":"2025-06-27T07:07:09.519Z","level":"DEBUG","message":"Request Body","requestId":"2zuzdg3zq"}
{"timestamp":"2025-06-27T07:07:09.526Z","level":"DEBUG","message":"Request Body","requestId":"39x3fs76y"}
{"timestamp":"2025-06-27T07:07:09.531Z","level":"DEBUG","message":"Request Body","requestId":"9b1qssrgr"}
{"timestamp":"2025-06-27T07:07:09.535Z","level":"DEBUG","message":"Request Body","requestId":"nkz6ypu24"}
{"timestamp":"2025-06-27T07:07:09.539Z","level":"DEBUG","message":"Request Body","requestId":"wulz9j719"}
{"timestamp":"2025-06-27T07:07:09.729Z","level":"DEBUG","message":"Request Body","requestId":"42a4hkm53"}
{"timestamp":"2025-06-27T07:07:09.734Z","level":"DEBUG","message":"Request Body","requestId":"jdgr02wti"}
{"timestamp":"2025-06-27T07:07:09.738Z","level":"DEBUG","message":"Request Body","requestId":"ueeodxkpu"}
{"timestamp":"2025-06-27T07:07:09.742Z","level":"DEBUG","message":"Request Body","requestId":"1bzfepzd5"}
{"timestamp":"2025-06-27T07:07:09.747Z","level":"DEBUG","message":"Request Body","requestId":"qaisfwy2f"}
{"timestamp":"2025-06-27T07:07:09.947Z","level":"DEBUG","message":"Request Body","requestId":"lhqz1mi4d"}
{"timestamp":"2025-06-27T07:07:09.951Z","level":"DEBUG","message":"Request Body","requestId":"u95z98bwp"}
{"timestamp":"2025-06-27T07:07:09.954Z","level":"DEBUG","message":"Request Body","requestId":"rkn8ac203"}
{"timestamp":"2025-06-27T07:07:09.958Z","level":"DEBUG","message":"Request Body","requestId":"4e34w17rj"}
{"timestamp":"2025-06-27T07:07:09.964Z","level":"DEBUG","message":"Request Body","requestId":"82sifoqwt"}
{"timestamp":"2025-06-27T07:07:20.999Z","level":"DEBUG","message":"Request Body","requestId":"hfzu11vlj"}
{"timestamp":"2025-06-27T07:07:21.003Z","level":"DEBUG","message":"Request Body","requestId":"ijcw1uoi4"}
{"timestamp":"2025-06-27T07:07:21.007Z","level":"DEBUG","message":"Request Body","requestId":"3ei21mm0w"}
{"timestamp":"2025-06-27T07:07:21.011Z","level":"DEBUG","message":"Request Body","requestId":"8rcbh2dh9"}
{"timestamp":"2025-06-27T07:07:21.015Z","level":"DEBUG","message":"Request Body","requestId":"vs1o8ogu4"}
